  student.c
d:\c++\quicksort2017.7.20\单链表学生管理系统17.7.24\单链表学生管理系统17.7.24\student.c(28): warning C4013: “system”未定义；假设外部返回 int
d:\c++\quicksort2017.7.20\单链表学生管理系统17.7.24\单链表学生管理系统17.7.24\student.c(31): warning C4013: “getch”未定义；假设外部返回 int
d:\c++\quicksort2017.7.20\单链表学生管理系统17.7.24\单链表学生管理系统17.7.24\student.c(33): warning C4013: “exit”未定义；假设外部返回 int
d:\c++\quicksort2017.7.20\单链表学生管理系统17.7.24\单链表学生管理系统17.7.24\student.c(19): warning C4996: 'scanf': This function or variable may be unsafe. Consider using scanf_s instead. To disable deprecation, use _CRT_SECURE_NO_WARNINGS. See online help for details.
  c:\program files (x86)\windows kits\10\include\10.0.10240.0\ucrt\stdio.h(1270): note: 参见“scanf”的声明
d:\c++\quicksort2017.7.20\单链表学生管理系统17.7.24\单链表学生管理系统17.7.24\student.c(42): warning C4996: 'fopen': This function or variable may be unsafe. Consider using fopen_s instead. To disable deprecation, use _CRT_SECURE_NO_WARNINGS. See online help for details.
  c:\program files (x86)\windows kits\10\include\10.0.10240.0\ucrt\stdio.h(205): note: 参见“fopen”的声明
d:\c++\quicksort2017.7.20\单链表学生管理系统17.7.24\单链表学生管理系统17.7.24\student.c(78): warning C4013: “gets”未定义；假设外部返回 int
d:\c++\quicksort2017.7.20\单链表学生管理系统17.7.24\单链表学生管理系统17.7.24\student.c(63): warning C4996: 'fopen': This function or variable may be unsafe. Consider using fopen_s instead. To disable deprecation, use _CRT_SECURE_NO_WARNINGS. See online help for details.
  c:\program files (x86)\windows kits\10\include\10.0.10240.0\ucrt\stdio.h(205): note: 参见“fopen”的声明
d:\c++\quicksort2017.7.20\单链表学生管理系统17.7.24\单链表学生管理系统17.7.24\student.c(84): warning C4996: 'scanf': This function or variable may be unsafe. Consider using scanf_s instead. To disable deprecation, use _CRT_SECURE_NO_WARNINGS. See online help for details.
  c:\program files (x86)\windows kits\10\include\10.0.10240.0\ucrt\stdio.h(1270): note: 参见“scanf”的声明
d:\c++\quicksort2017.7.20\单链表学生管理系统17.7.24\单链表学生管理系统17.7.24\student.c(87): warning C4996: 'scanf': This function or variable may be unsafe. Consider using scanf_s instead. To disable deprecation, use _CRT_SECURE_NO_WARNINGS. See online help for details.
  c:\program files (x86)\windows kits\10\include\10.0.10240.0\ucrt\stdio.h(1270): note: 参见“scanf”的声明
d:\c++\quicksort2017.7.20\单链表学生管理系统17.7.24\单链表学生管理系统17.7.24\student.c(90): warning C4996: 'scanf': This function or variable may be unsafe. Consider using scanf_s instead. To disable deprecation, use _CRT_SECURE_NO_WARNINGS. See online help for details.
  c:\program files (x86)\windows kits\10\include\10.0.10240.0\ucrt\stdio.h(1270): note: 参见“scanf”的声明
d:\c++\quicksort2017.7.20\单链表学生管理系统17.7.24\单链表学生管理系统17.7.24\student.c(93): warning C4996: 'scanf': This function or variable may be unsafe. Consider using scanf_s instead. To disable deprecation, use _CRT_SECURE_NO_WARNINGS. See online help for details.
  c:\program files (x86)\windows kits\10\include\10.0.10240.0\ucrt\stdio.h(1270): note: 参见“scanf”的声明
d:\c++\quicksort2017.7.20\单链表学生管理系统17.7.24\单链表学生管理系统17.7.24\student.c(142): warning C4996: 'scanf': This function or variable may be unsafe. Consider using scanf_s instead. To disable deprecation, use _CRT_SECURE_NO_WARNINGS. See online help for details.
  c:\program files (x86)\windows kits\10\include\10.0.10240.0\ucrt\stdio.h(1270): note: 参见“scanf”的声明
d:\c++\quicksort2017.7.20\单链表学生管理系统17.7.24\单链表学生管理系统17.7.24\student.c(174): warning C4996: 'fopen': This function or variable may be unsafe. Consider using fopen_s instead. To disable deprecation, use _CRT_SECURE_NO_WARNINGS. See online help for details.
  c:\program files (x86)\windows kits\10\include\10.0.10240.0\ucrt\stdio.h(205): note: 参见“fopen”的声明
d:\c++\quicksort2017.7.20\单链表学生管理系统17.7.24\单链表学生管理系统17.7.24\student.c(189): warning C4996: 'scanf': This function or variable may be unsafe. Consider using scanf_s instead. To disable deprecation, use _CRT_SECURE_NO_WARNINGS. See online help for details.
  c:\program files (x86)\windows kits\10\include\10.0.10240.0\ucrt\stdio.h(1270): note: 参见“scanf”的声明
d:\c++\quicksort2017.7.20\单链表学生管理系统17.7.24\单链表学生管理系统17.7.24\student.c(192): warning C4996: 'scanf': This function or variable may be unsafe. Consider using scanf_s instead. To disable deprecation, use _CRT_SECURE_NO_WARNINGS. See online help for details.
  c:\program files (x86)\windows kits\10\include\10.0.10240.0\ucrt\stdio.h(1270): note: 参见“scanf”的声明
d:\c++\quicksort2017.7.20\单链表学生管理系统17.7.24\单链表学生管理系统17.7.24\student.c(195): warning C4996: 'scanf': This function or variable may be unsafe. Consider using scanf_s instead. To disable deprecation, use _CRT_SECURE_NO_WARNINGS. See online help for details.
  c:\program files (x86)\windows kits\10\include\10.0.10240.0\ucrt\stdio.h(1270): note: 参见“scanf”的声明
d:\c++\quicksort2017.7.20\单链表学生管理系统17.7.24\单链表学生管理系统17.7.24\student.c(198): warning C4996: 'scanf': This function or variable may be unsafe. Consider using scanf_s instead. To disable deprecation, use _CRT_SECURE_NO_WARNINGS. See online help for details.
  c:\program files (x86)\windows kits\10\include\10.0.10240.0\ucrt\stdio.h(1270): note: 参见“scanf”的声明
d:\c++\quicksort2017.7.20\单链表学生管理系统17.7.24\单链表学生管理系统17.7.24\student.c(217): warning C4996: 'fopen': This function or variable may be unsafe. Consider using fopen_s instead. To disable deprecation, use _CRT_SECURE_NO_WARNINGS. See online help for details.
  c:\program files (x86)\windows kits\10\include\10.0.10240.0\ucrt\stdio.h(205): note: 参见“fopen”的声明
  单链表学生管理系统17.7.24.vcxproj -> D:\c++\quicksort2017.7.20\单链表学生管理系统17.7.24\Debug\单链表学生管理系统17.7.24.exe
  单链表学生管理系统17.7.24.vcxproj -> D:\c++\quicksort2017.7.20\单链表学生管理系统17.7.24\Debug\单链表学生管理系统17.7.24.pdb (Full PDB)
